[
  {
    "level": "INFO",
    "message": "android.ndkVersion from module build.gradle is not set"
  },
  {
    "level": "INFO",
    "message": "ndk.dir in local.properties is "
  },
  {
    "level": "INFO",
    "message": "ANDROID_NDK_HOME environment variable is not set"
  },
  {
    "level": "INFO",
    "message": "sdkFolder is /Users/rumia/Library/Android/sdk"
  },
  {
    "level": "INFO",
    "message": "Because no explicit NDK was requested, the default version \u002721.0.6113669\u0027 for this Android Gradle Plugin will be used"
  },
  {
    "level": "INFO",
    "message": "Considering  by ndk.dir"
  },
  {
    "level": "INFO",
    "message": "Considering /Users/rumia/Library/Android/sdk/ndk-bundle in SDK ndk-bundle folder"
  },
  {
    "level": "INFO",
    "message": "Considering /Users/rumia/Library/Android/sdk/ndk/22.0.7026061 in SDK ndk folder"
  },
  {
    "level": "INFO",
    "message": "Rejected  by ndk.dir because that location has no source.properties"
  },
  {
    "level": "INFO",
    "message": "Rejected /Users/rumia/Library/Android/sdk/ndk-bundle in SDK ndk-bundle folder because that location has no source.properties"
  },
  {
    "level": "ERROR",
    "message": "Location specified by ndk.dir () did not contain a valid NDK and so couldn\u0027t satisfy the required NDK version 21.0.6113669"
  }
]